1565450626737	mozrunner::runner	INFO	Running command: "/Applications/Firefox.app/Contents/MacOS/firefox-bin" "-marionette" "-foreground" "-no-remote" "-profile" "/var/folders/q4/md9l95j11h788z54rh2cddg00000gn/T/rust_mozprofile.ZwmtXpzvqmXc"
1565450627400	addons.webextension.screenshots@mozilla.org	WARN	Loading extension 'screenshots@mozilla.org': Reading manifest: Invalid extension permission: mozillaAddons
1565450627400	addons.webextension.screenshots@mozilla.org	WARN	Loading extension 'screenshots@mozilla.org': Reading manifest: Invalid extension permission: telemetry
1565450627400	addons.webextension.screenshots@mozilla.org	WARN	Loading extension 'screenshots@mozilla.org': Reading manifest: Invalid extension permission: resource://pdf.js/
1565450627400	addons.webextension.screenshots@mozilla.org	WARN	Loading extension 'screenshots@mozilla.org': Reading manifest: Invalid extension permission: about:reader*
1565450629117	Marionette	INFO	Listening on port 54663
1565450629133	Marionette	WARN	TLS certificate errors will be ignored for this session
1565450663227	Marionette	INFO	Stopped listening on port 54663
1565450666366	mozrunner::runner	INFO	Running command: "/Applications/Firefox.app/Contents/MacOS/firefox-bin" "-marionette" "-foreground" "-no-remote" "-profile" "/var/folders/q4/md9l95j11h788z54rh2cddg00000gn/T/rust_mozprofile.eJOoN7RB26cv"
1565450666900	addons.webextension.screenshots@mozilla.org	WARN	Loading extension 'screenshots@mozilla.org': Reading manifest: Invalid extension permission: mozillaAddons
1565450666900	addons.webextension.screenshots@mozilla.org	WARN	Loading extension 'screenshots@mozilla.org': Reading manifest: Invalid extension permission: telemetry
1565450666900	addons.webextension.screenshots@mozilla.org	WARN	Loading extension 'screenshots@mozilla.org': Reading manifest: Invalid extension permission: resource://pdf.js/
1565450666901	addons.webextension.screenshots@mozilla.org	WARN	Loading extension 'screenshots@mozilla.org': Reading manifest: Invalid extension permission: about:reader*
1565450668558	Marionette	INFO	Listening on port 54762
1565450668626	Marionette	WARN	TLS certificate errors will be ignored for this session
JavaScript error: https://js.stripe.com/v3/fingerprinted/js/controller-18b69533c58edab02885e318dc12fab8.js, line 1: ReferenceError: webpackJsonp is not defined
1565450680871	Marionette	INFO	Stopped listening on port 54762
1565451231739	mozrunner::runner	INFO	Running command: "/Applications/Firefox.app/Contents/MacOS/firefox-bin" "-marionette" "-foreground" "-no-remote" "-profile" "/var/folders/q4/md9l95j11h788z54rh2cddg00000gn/T/rust_mozprofile.XZBOcOqsJyZ2"
1565451232243	addons.webextension.screenshots@mozilla.org	WARN	Loading extension 'screenshots@mozilla.org': Reading manifest: Invalid extension permission: mozillaAddons
1565451232243	addons.webextension.screenshots@mozilla.org	WARN	Loading extension 'screenshots@mozilla.org': Reading manifest: Invalid extension permission: telemetry
1565451232243	addons.webextension.screenshots@mozilla.org	WARN	Loading extension 'screenshots@mozilla.org': Reading manifest: Invalid extension permission: resource://pdf.js/
1565451232243	addons.webextension.screenshots@mozilla.org	WARN	Loading extension 'screenshots@mozilla.org': Reading manifest: Invalid extension permission: about:reader*
1565451233836	Marionette	INFO	Listening on port 55053
1565451233891	Marionette	WARN	TLS certificate errors will be ignored for this session
JavaScript error: https://js.stripe.com/v3/fingerprinted/js/controller-18b69533c58edab02885e318dc12fab8.js, line 1: ReferenceError: webpackJsonp is not defined
1565451250334	Marionette	INFO	Stopped listening on port 55053
1565455134718	mozrunner::runner	INFO	Running command: "/Applications/Firefox.app/Contents/MacOS/firefox-bin" "-marionette" "-foreground" "-no-remote" "-profile" "/var/folders/q4/md9l95j11h788z54rh2cddg00000gn/T/rust_mozprofile.N2oobHsRfFUW"
1565455135281	addons.webextension.screenshots@mozilla.org	WARN	Loading extension 'screenshots@mozilla.org': Reading manifest: Invalid extension permission: mozillaAddons
1565455135282	addons.webextension.screenshots@mozilla.org	WARN	Loading extension 'screenshots@mozilla.org': Reading manifest: Invalid extension permission: telemetry
1565455135282	addons.webextension.screenshots@mozilla.org	WARN	Loading extension 'screenshots@mozilla.org': Reading manifest: Invalid extension permission: resource://pdf.js/
1565455135282	addons.webextension.screenshots@mozilla.org	WARN	Loading extension 'screenshots@mozilla.org': Reading manifest: Invalid extension permission: about:reader*
1565455136967	Marionette	INFO	Listening on port 56532
1565455136984	Marionette	WARN	TLS certificate errors will be ignored for this session
1565455318648	mozrunner::runner	INFO	Running command: "/Applications/Firefox.app/Contents/MacOS/firefox-bin" "-marionette" "-foreground" "-no-remote" "-profile" "/var/folders/q4/md9l95j11h788z54rh2cddg00000gn/T/rust_mozprofile.i1gEvVLXBgiC"
1565455319299	addons.webextension.screenshots@mozilla.org	WARN	Loading extension 'screenshots@mozilla.org': Reading manifest: Invalid extension permission: mozillaAddons
1565455319299	addons.webextension.screenshots@mozilla.org	WARN	Loading extension 'screenshots@mozilla.org': Reading manifest: Invalid extension permission: telemetry
1565455319299	addons.webextension.screenshots@mozilla.org	WARN	Loading extension 'screenshots@mozilla.org': Reading manifest: Invalid extension permission: resource://pdf.js/
1565455319299	addons.webextension.screenshots@mozilla.org	WARN	Loading extension 'screenshots@mozilla.org': Reading manifest: Invalid extension permission: about:reader*
1565455321055	Marionette	INFO	Listening on port 56689
1565455321103	Marionette	WARN	TLS certificate errors will be ignored for this session
console.error: BroadcastService: 
  receivedBroadcastMessage: handler for
  remote-settings/monitor_changes
  threw error:
  Message: Error: Polling for changes failed: http://%(server)s/dummy/blocklist//buckets/monitor/collections/changes/records?_expected=%221565395285947%22 is not a valid URL..
  Stack:
    remoteSettingsFunction/remoteSettings.pollChanges@resource://services-settings/remote-settings.js:201:13

1565455338440	Marionette	INFO	Stopped listening on port 56689
1565456023432	Marionette	INFO	Stopped listening on port 56532
